<?xml version="1.0" encoding="UTF-8"?>
<!-- Generated by org.testng.reporters.JUnitXMLReporter -->
<testsuite ignored="1" hostname="tejal" failures="0" tests="5" name="Default test" time="8.849" errors="0" timestamp="2022-09-08T16:12:23 IST">
  <testcase classname="Test.Get_And_Post" name="testGet" time="6.502"/>
  <testcase classname="Test.Put_Patch_delete" name="testpatch" time="0.978"/>
  <testcase classname="Test.Put_Patch_delete" name="testput" time="0.65"/>
  <testcase classname="Test.TestExample" name="Test_1" time="0.27"/>
  <testcase classname="Test.TestExample" name="Test_2" time="0.342"/>
  <testcase classname="Test.Get_And_Post" name="testpost" time="0.0">
    <ignored/>
  </testcase> <!-- testpost -->
</testsuite> <!-- Default test -->
