<?xml version="1.0" encoding="UTF-8"?>
<testng-results ignored="0" total="3" passed="3" failed="0" skipped="0">
  <reporter-output>
  </reporter-output>
  <suite started-at="2023-04-07T22:47:43 IST" name="Suite" finished-at="2023-04-07T22:47:57 IST" duration-ms="14699">
    <groups>
    </groups>
    <test started-at="2023-04-07T22:47:43 IST" name="Test" finished-at="2023-04-07T22:47:57 IST" duration-ms="14699">
      <class name="files.LibraryJson_ByUsing_dataprovider">
        <test-method is-config="true" signature="CreateData_Into_excel()[pri:0, instance:files.LibraryJson_ByUsing_dataprovider@19835e64]" started-at="2023-04-07T22:47:43 IST" name="CreateData_Into_excel" finished-at="2023-04-07T22:47:54 IST" duration-ms="10964" status="PASS">
          <reporter-output>
          </reporter-output>
        </test-method> <!-- CreateData_Into_excel -->
        <test-method signature="AddBook(java.lang.String,java.lang.String)[pri:1, instance:files.LibraryJson_ByUsing_dataprovider@19835e64]" started-at="2023-04-07T22:47:54 IST" name="AddBook" data-provider="BookDataprovider" finished-at="2023-04-07T22:47:57 IST" duration-ms="2532" status="PASS">
          <params>
            <param index="0">
              <value>
                <![CDATA[isbnABiAoHqTdkUyvTg]]>
              </value>
            </param>
            <param index="1">
              <value>
                <![CDATA[aisleEnONHhHLCEeJpef]]>
              </value>
            </param>
          </params>
          <reporter-output>
          </reporter-output>
        </test-method> <!-- AddBook -->
        <test-method signature="AddBook(java.lang.String,java.lang.String)[pri:1, instance:files.LibraryJson_ByUsing_dataprovider@19835e64]" started-at="2023-04-07T22:47:57 IST" name="AddBook" data-provider="BookDataprovider" finished-at="2023-04-07T22:47:57 IST" duration-ms="189" status="PASS">
          <params>
            <param index="0">
              <value>
                <![CDATA[isbnzcyjloVXzcFvMqz]]>
              </value>
            </param>
            <param index="1">
              <value>
                <![CDATA[aislerkTyftOweXbemOp]]>
              </value>
            </param>
          </params>
          <reporter-output>
          </reporter-output>
        </test-method> <!-- AddBook -->
        <test-method signature="AddBook(java.lang.String,java.lang.String)[pri:1, instance:files.LibraryJson_ByUsing_dataprovider@19835e64]" started-at="2023-04-07T22:47:57 IST" name="AddBook" data-provider="BookDataprovider" finished-at="2023-04-07T22:47:57 IST" duration-ms="160" status="PASS">
          <params>
            <param index="0">
              <value>
                <![CDATA[isbnHSiJpNNCucWnCpr]]>
              </value>
            </param>
            <param index="1">
              <value>
                <![CDATA[aislelQixKfCZGnLujCZ]]>
              </value>
            </param>
          </params>
          <reporter-output>
          </reporter-output>
        </test-method> <!-- AddBook -->
        <test-method is-config="true" signature="teardown()[pri:0, instance:files.LibraryJson_ByUsing_dataprovider@19835e64]" started-at="2023-04-07T22:47:57 IST" name="teardown" finished-at="2023-04-07T22:47:57 IST" duration-ms="1" status="PASS">
          <reporter-output>
          </reporter-output>
        </test-method> <!-- teardown -->
      </class> <!-- files.LibraryJson_ByUsing_dataprovider -->
    </test> <!-- Test -->
  </suite> <!-- Suite -->
</testng-results>
