<?xml version="1.0" encoding="UTF-8"?>
<testng-results ignored="1" total="6" passed="5" failed="0" skipped="0">
  <reporter-output>
  </reporter-output>
  <suite started-at="2022-09-08T16:12:14 IST" name="Default suite" finished-at="2022-09-08T16:12:23 IST" duration-ms="8849">
    <groups>
    </groups>
    <test started-at="2022-09-08T16:12:14 IST" name="Default test" finished-at="2022-09-08T16:12:23 IST" duration-ms="8849">
      <class name="Test.Get_And_Post">
        <test-method signature="testGet()[pri:0, instance:Test.Get_And_Post@247d8ae]" started-at="2022-09-08T16:12:15 IST" name="testGet" finished-at="2022-09-08T16:12:21 IST" duration-ms="6502" status="PASS">
          <reporter-output>
          </reporter-output>
        </test-method> <!-- testGet -->
      </class> <!-- Test.Get_And_Post -->
      <class name="Test.Put_Patch_delete">
        <test-method signature="testpatch()[pri:0, instance:Test.Put_Patch_delete@14555e0a]" started-at="2022-09-08T16:12:21 IST" name="testpatch" finished-at="2022-09-08T16:12:22 IST" duration-ms="978" status="PASS">
          <reporter-output>
          </reporter-output>
        </test-method> <!-- testpatch -->
        <test-method signature="testput()[pri:0, instance:Test.Put_Patch_delete@14555e0a]" started-at="2022-09-08T16:12:22 IST" name="testput" finished-at="2022-09-08T16:12:23 IST" duration-ms="650" status="PASS">
          <reporter-output>
          </reporter-output>
        </test-method> <!-- testput -->
      </class> <!-- Test.Put_Patch_delete -->
      <class name="Test.TestExample">
        <test-method signature="Test_1()[pri:0, instance:Test.TestExample@4bb33f74]" started-at="2022-09-08T16:12:23 IST" name="Test_1" finished-at="2022-09-08T16:12:23 IST" duration-ms="270" status="PASS">
          <reporter-output>
          </reporter-output>
        </test-method> <!-- Test_1 -->
        <test-method signature="Test_2()[pri:0, instance:Test.TestExample@4bb33f74]" started-at="2022-09-08T16:12:23 IST" name="Test_2" finished-at="2022-09-08T16:12:23 IST" duration-ms="342" status="PASS">
          <reporter-output>
          </reporter-output>
        </test-method> <!-- Test_2 -->
      </class> <!-- Test.TestExample -->
    </test> <!-- Default test -->
  </suite> <!-- Default suite -->
</testng-results>
