<?xml version="1.0" encoding="UTF-8"?>
<!-- Generated by org.testng.reporters.JUnitXMLReporter -->
<testsuite ignored="0" hostname="tejal" failures="0" tests="3" name="Default test" time="15.112" errors="0" timestamp="2023-04-07T16:40:05 IST">
  <testcase classname="files.LibraryJson_ByUsing_dataprovider" name="AddBook" time="3.33"/>
  <testcase classname="files.LibraryJson_ByUsing_dataprovider" name="AddBook" time="0.172"/>
  <testcase classname="files.LibraryJson_ByUsing_dataprovider" name="AddBook" time="0.148"/>
</testsuite> <!-- Default test -->
