<?xml version="1.0" encoding="UTF-8"?>
<!-- Generated by org.testng.reporters.JUnitXMLReporter -->
<testsuite ignored="0" hostname="tejal" failures="0" tests="3" name="Test" time="14.699" errors="0" timestamp="2023-04-07T22:47:58 IST">
  <testcase classname="files.LibraryJson_ByUsing_dataprovider" name="AddBook" time="2.532"/>
  <testcase classname="files.LibraryJson_ByUsing_dataprovider" name="AddBook" time="0.189"/>
  <testcase classname="files.LibraryJson_ByUsing_dataprovider" name="AddBook" time="0.16"/>
</testsuite> <!-- Test -->
